\BOOKMARK [0][-]{chapter*.2}{\376\377\000K\000i\000v\000o\000n\000a\000t}{}% 1
\BOOKMARK [0][-]{chapter*.3}{\376\377\000A\000b\000s\000t\000r\000a\000c\000t}{}% 2
\BOOKMARK [0][-]{chapter.1}{\376\377\000B\000e\000v\000e\000z\000e\000t\000\351\000s}{}% 3
\BOOKMARK [1][-]{section.1.1}{\376\377\000A\000\040\000p\000r\000o\000b\000l\000\351\000m\000a}{chapter.1}% 4
\BOOKMARK [1][-]{section.1.2}{\376\377\000A\000\040\000m\000e\000g\000o\000l\000d\000\341\000s}{chapter.1}% 5
\BOOKMARK [1][-]{section.1.3}{\376\377\000A\000\040\000s\000z\000a\000k\000d\000o\000l\000g\000o\000z\000a\000t\000\040\000f\000e\000l\000\351\000p\000\355\000t\000\351\000s\000e}{chapter.1}% 6
\BOOKMARK [0][-]{chapter.2}{\376\377\000A\000\040\000B\000i\000r\000d\000n\000e\000t\000e\000s\000\040\000b\000e\000m\000u\000t\000a\000t\000\341\000s\000a}{}% 7
\BOOKMARK [1][-]{section.2.1}{\376\377\000G\000y\000o\000r\000s\000\040\000e\000l\000m\000\351\000l\000e\000t\000i\000\040\000\366\000s\000s\000z\000e\000f\000o\000g\000l\000a\000l\000\363}{chapter.2}% 8
\BOOKMARK [2][-]{subsection.2.1.1}{\376\377\000C\000l\000o\000u\000d\000,\000\040\000f\000e\000l\000h\001\121}{section.2.1}% 9
\BOOKMARK [3][-]{subsubsection.2.1.1.1}{\376\377\000M\000i\000k\000r\000o\000s\000z\000o\000l\000g\000\341\000l\000t\000a\000t\000\341\000s\000o\000k}{subsection.2.1.1}% 10
\BOOKMARK [3][-]{subsubsection.2.1.1.2}{\376\377\000K\000o\000n\000t\000\351\000n\000e\000r\000e\000k}{subsection.2.1.1}% 11
\BOOKMARK [3][-]{subsubsection.2.1.1.3}{\376\377\000K\000u\000b\000e\000r\000n\000e\000t\000e\000s}{subsection.2.1.1}% 12
\BOOKMARK [2][-]{subsection.2.1.2}{\376\377\000M\000Q\000T\000T}{section.2.1}% 13
\BOOKMARK [2][-]{subsection.2.1.3}{\376\377\000O\000p\000e\000n\000\040\000A\000P\000I}{section.2.1}% 14
\BOOKMARK [1][-]{section.2.2}{\376\377\000R\000e\000n\000d\000s\000z\000e\000r\000s\000z\000i\000n\000t\001\161\000\040\000a\000r\000c\000h\000i\000t\000e\000k\000t\000\372\000r\000a}{chapter.2}% 15
\BOOKMARK [2][-]{subsection.2.2.1}{\376\377\000F\001\121\000b\000b\000\040\000k\000o\000m\000p\000o\000n\000e\000n\000s\000e\000k}{section.2.2}% 16
\BOOKMARK [3][-]{subsubsection.2.2.1.1}{\376\377\000I\000o\000T\000\040\000e\000s\000z\000k\000\366\000z\000\366\000k}{subsection.2.2.1}% 17
\BOOKMARK [3][-]{subsubsection.2.2.1.2}{\376\377\000I\000n\000p\000u\000t\000\040\000S\000e\000r\000v\000i\000c\000e}{subsection.2.2.1}% 18
\BOOKMARK [3][-]{subsubsection.2.2.1.3}{\376\377\000A\000I\000\040\000S\000e\000r\000v\000i\000c\000e}{subsection.2.2.1}% 19
\BOOKMARK [3][-]{subsubsection.2.2.1.4}{\376\377\000G\000u\000a\000r\000d\000\040\000S\000e\000r\000v\000i\000c\000e}{subsection.2.2.1}% 20
\BOOKMARK [3][-]{subsubsection.2.2.1.5}{\376\377\000C\000o\000m\000m\000a\000n\000d\000\040\000a\000n\000d\000\040\000C\000o\000n\000t\000r\000o\000l\000\040\000S\000e\000r\000v\000i\000c\000e}{subsection.2.2.1}% 21
\BOOKMARK [0][-]{chapter.3}{\376\377\000T\000e\000r\000v\000e\000k\000\040\000\351\000s\000\040\000a\000l\000t\000e\000r\000n\000a\000t\000\355\000v\000\341\000k}{}% 22
\BOOKMARK [1][-]{section.3.1}{\376\377\000T\000e\000r\000v\000e\000z\000\351\000s}{chapter.3}% 23
\BOOKMARK [1][-]{section.3.2}{\376\377\000A\000l\000t\000e\000r\000n\000a\000t\000\355\000v\000\341\000k}{chapter.3}% 24
\BOOKMARK [2][-]{subsection.3.2.1}{\376\377\000G\000r\000a\000f\000a\000n\000a}{section.3.2}% 25
\BOOKMARK [2][-]{subsection.3.2.2}{\376\377\000K\000i\000b\000a\000n\000a}{section.3.2}% 26
\BOOKMARK [2][-]{subsection.3.2.3}{\376\377\000K\000u\000b\000e\000r\000n\000e\000t\000e\000s\000\040\000D\000a\000s\000h\000b\000o\000a\000r\000d\000\040\000\050\000W\000e\000b\000\040\000U\000I\000\051}{section.3.2}% 27
\BOOKMARK [0][-]{chapter.4}{\376\377\000H\000a\000s\000z\000n\000\341\000l\000t\000\040\000t\000e\000c\000h\000n\000o\000l\000\363\000g\000i\000\341\000k}{}% 28
\BOOKMARK [1][-]{section.4.1}{\376\377\000A\000\040\000f\000e\000j\000l\000e\000s\000z\000t\000\351\000s\000i\000\040\000f\000o\000l\000y\000a\000m\000a\000t\000\040\000t\000e\000c\000h\000n\000o\000l\000\363\000g\000i\000\341\000i}{chapter.4}% 29
\BOOKMARK [2][-]{subsection.4.1.1}{\376\377\000G\000i\000t}{section.4.1}% 30
\BOOKMARK [2][-]{subsection.4.1.2}{\376\377\000T\000r\000e\000l\000l\000o}{section.4.1}% 31
\BOOKMARK [2][-]{subsection.4.1.3}{\376\377\000V\000i\000s\000u\000a\000l\000\040\000S\000t\000u\000d\000i\000o}{section.4.1}% 32
\BOOKMARK [2][-]{subsection.4.1.4}{\376\377\000V\000i\000s\000u\000a\000l\000\040\000S\000t\000u\000d\000i\000o\000\040\000C\000o\000d\000e}{section.4.1}% 33
\BOOKMARK [1][-]{section.4.2}{\376\377\000B\000a\000c\000k\000e\000n\000d\000\040\000t\000e\000c\000h\000n\000o\000l\000\363\000g\000i\000\341\000k}{chapter.4}% 34
\BOOKMARK [2][-]{subsection.4.2.1}{\376\377\000A\000S\000P\000.\000N\000E\000T\000\040\000C\000o\000r\000e}{section.4.2}% 35
\BOOKMARK [2][-]{subsection.4.2.2}{\376\377\000E\000n\000t\000i\000t\000y\000\040\000F\000r\000a\000m\000e\000w\000o\000r\000k\000\040\000C\000o\000r\000e}{section.4.2}% 36
\BOOKMARK [2][-]{subsection.4.2.3}{\376\377\000J\000S\000O\000N\000\040\000W\000e\000b\000\040\000T\000o\000k\000e\000n}{section.4.2}% 37
\BOOKMARK [2][-]{subsection.4.2.4}{\376\377\000S\000i\000g\000n\000a\000l\000R}{section.4.2}% 38
\BOOKMARK [2][-]{subsection.4.2.5}{\376\377\000M\000Q\000T\000T\000.\000N\000E\000T}{section.4.2}% 39
\BOOKMARK [2][-]{subsection.4.2.6}{\376\377\000N\000L\000o\000g}{section.4.2}% 40
\BOOKMARK [1][-]{section.4.3}{\376\377\000F\000r\000o\000n\000t\000e\000n\000d\000\040\000t\000e\000c\000h\000n\000o\000l\000\363\000g\000i\000\341\000k}{chapter.4}% 41
\BOOKMARK [2][-]{subsection.4.3.1}{\376\377\000R\000e\000a\000c\000t\000.\000j\000s}{section.4.3}% 42
\BOOKMARK [2][-]{subsection.4.3.2}{\376\377\000M\000a\000t\000e\000r\000i\000a\000l\000\040\000U\000I}{section.4.3}% 43
\BOOKMARK [2][-]{subsection.4.3.3}{\376\377\000A\000p\000e\000x\000c\000h\000a\000r\000t\000s}{section.4.3}% 44
\BOOKMARK [2][-]{subsection.4.3.4}{\376\377\000G\000o\000o\000g\000l\000e\000\040\000M\000a\000p\000s\000\040\000A\000p\000i}{section.4.3}% 45
\BOOKMARK [0][-]{chapter.5}{\376\377\000S\000z\000e\000r\000v\000e\000r\000\040\000o\000l\000d\000a\000l}{}% 46
\BOOKMARK [1][-]{section.5.1}{\376\377\000A\000r\000c\000h\000i\000t\000e\000k\000t\000\372\000r\000a}{chapter.5}% 47
\BOOKMARK [1][-]{section.5.2}{\376\377\000A\000d\000a\000t\000\040\000e\000l\000\351\000r\000\351\000s\000i\000\040\000r\000\351\000t\000e\000g}{chapter.5}% 48
\BOOKMARK [2][-]{subsection.5.2.1}{\376\377\000E\000n\000t\000i\000t\000\341\000s\000o\000k}{section.5.2}% 49
\BOOKMARK [2][-]{subsection.5.2.2}{\376\377\000S\000e\000e\000d\000e\000l\000\351\000s}{section.5.2}% 50
\BOOKMARK [1][-]{section.5.3}{\376\377\000\334\000z\000l\000e\000t\000i\000\040\000l\000o\000g\000i\000k\000a\000i\000\040\000r\000\351\000t\000e\000g}{chapter.5}% 51
